2017-09-07 03:35:14.747752: W tensorflow/core/platform/cpu_feature_guard.cc:45] The TensorFlow library wasn't compiled to use SSE4.1 instructions, but these are available on your machine and could speed up CPU computations.
2017-09-07 03:35:14.747819: W tensorflow/core/platform/cpu_feature_guard.cc:45] The TensorFlow library wasn't compiled to use SSE4.2 instructions, but these are available on your machine and could speed up CPU computations.
2017-09-07 03:35:14.747831: W tensorflow/core/platform/cpu_feature_guard.cc:45] The TensorFlow library wasn't compiled to use AVX instructions, but these are available on your machine and could speed up CPU computations.
2017-09-07 03:35:19.710144: I tensorflow/core/common_runtime/gpu/gpu_device.cc:955] Found device 0 with properties: 
name: GeForce GTX TITAN X
major: 5 minor: 2 memoryClockRate (GHz) 1.076
pciBusID 0000:04:00.0
Total memory: 11.92GiB
Free memory: 11.81GiB
2017-09-07 03:35:20.454477: W tensorflow/stream_executor/cuda/cuda_driver.cc:523] A non-primary context 0x3cfa960 exists before initializing the StreamExecutor. We haven't verified StreamExecutor works with that.
2017-09-07 03:35:20.457149: I tensorflow/core/common_runtime/gpu/gpu_device.cc:955] Found device 1 with properties: 
name: GeForce GTX TITAN X
major: 5 minor: 2 memoryClockRate (GHz) 1.076
pciBusID 0000:08:00.0
Total memory: 11.92GiB
Free memory: 11.81GiB
2017-09-07 03:35:21.227304: W tensorflow/stream_executor/cuda/cuda_driver.cc:523] A non-primary context 0x3d1ada0 exists before initializing the StreamExecutor. We haven't verified StreamExecutor works with that.
2017-09-07 03:35:21.230479: I tensorflow/core/common_runtime/gpu/gpu_device.cc:955] Found device 2 with properties: 
name: GeForce GTX TITAN X
major: 5 minor: 2 memoryClockRate (GHz) 1.076
pciBusID 0000:85:00.0
Total memory: 11.92GiB
Free memory: 11.81GiB
2017-09-07 03:35:22.007516: W tensorflow/stream_executor/cuda/cuda_driver.cc:523] A non-primary context 0x4384740 exists before initializing the StreamExecutor. We haven't verified StreamExecutor works with that.
2017-09-07 03:35:22.010573: I tensorflow/core/common_runtime/gpu/gpu_device.cc:955] Found device 3 with properties: 
name: Tesla K40c
major: 3 minor: 5 memoryClockRate (GHz) 0.745
pciBusID 0000:86:00.0
Total memory: 11.92GiB
Free memory: 11.85GiB
2017-09-07 03:35:22.848371: W tensorflow/stream_executor/cuda/cuda_driver.cc:523] A non-primary context 0x43880d0 exists before initializing the StreamExecutor. We haven't verified StreamExecutor works with that.
2017-09-07 03:35:22.850751: I tensorflow/core/common_runtime/gpu/gpu_device.cc:955] Found device 4 with properties: 
name: GeForce GTX TITAN X
major: 5 minor: 2 memoryClockRate (GHz) 1.076
pciBusID 0000:8a:00.0
Total memory: 11.92GiB
Free memory: 11.81GiB
2017-09-07 03:35:22.852174: I tensorflow/core/common_runtime/gpu/gpu_device.cc:847] Peer access not supported between device ordinals 0 and 2
2017-09-07 03:35:22.852269: I tensorflow/core/common_runtime/gpu/gpu_device.cc:847] Peer access not supported between device ordinals 0 and 3
2017-09-07 03:35:22.852322: I tensorflow/core/common_runtime/gpu/gpu_device.cc:847] Peer access not supported between device ordinals 0 and 4
2017-09-07 03:35:22.852416: I tensorflow/core/common_runtime/gpu/gpu_device.cc:847] Peer access not supported between device ordinals 1 and 2
2017-09-07 03:35:22.852445: I tensorflow/core/common_runtime/gpu/gpu_device.cc:847] Peer access not supported between device ordinals 1 and 3
2017-09-07 03:35:22.852480: I tensorflow/core/common_runtime/gpu/gpu_device.cc:847] Peer access not supported between device ordinals 1 and 4
2017-09-07 03:35:22.852519: I tensorflow/core/common_runtime/gpu/gpu_device.cc:847] Peer access not supported between device ordinals 2 and 0
2017-09-07 03:35:22.852557: I tensorflow/core/common_runtime/gpu/gpu_device.cc:847] Peer access not supported between device ordinals 2 and 1
2017-09-07 03:35:22.852584: I tensorflow/core/common_runtime/gpu/gpu_device.cc:847] Peer access not supported between device ordinals 2 and 3
2017-09-07 03:35:22.853741: I tensorflow/core/common_runtime/gpu/gpu_device.cc:847] Peer access not supported between device ordinals 3 and 0
2017-09-07 03:35:22.853802: I tensorflow/core/common_runtime/gpu/gpu_device.cc:847] Peer access not supported between device ordinals 3 and 1
2017-09-07 03:35:22.853825: I tensorflow/core/common_runtime/gpu/gpu_device.cc:847] Peer access not supported between device ordinals 3 and 2
2017-09-07 03:35:22.853846: I tensorflow/core/common_runtime/gpu/gpu_device.cc:847] Peer access not supported between device ordinals 3 and 4
2017-09-07 03:35:22.853887: I tensorflow/core/common_runtime/gpu/gpu_device.cc:847] Peer access not supported between device ordinals 4 and 0
2017-09-07 03:35:22.853927: I tensorflow/core/common_runtime/gpu/gpu_device.cc:847] Peer access not supported between device ordinals 4 and 1
2017-09-07 03:35:22.854016: I tensorflow/core/common_runtime/gpu/gpu_device.cc:847] Peer access not supported between device ordinals 4 and 3
2017-09-07 03:35:22.854215: I tensorflow/core/common_runtime/gpu/gpu_device.cc:976] DMA: 0 1 2 3 4 
2017-09-07 03:35:22.854243: I tensorflow/core/common_runtime/gpu/gpu_device.cc:986] 0:   Y Y N N N 
2017-09-07 03:35:22.854262: I tensorflow/core/common_runtime/gpu/gpu_device.cc:986] 1:   Y Y N N N 
2017-09-07 03:35:22.854279: I tensorflow/core/common_runtime/gpu/gpu_device.cc:986] 2:   N N Y N Y 
2017-09-07 03:35:22.854295: I tensorflow/core/common_runtime/gpu/gpu_device.cc:986] 3:   N N N Y N 
2017-09-07 03:35:22.854312: I tensorflow/core/common_runtime/gpu/gpu_device.cc:986] 4:   N N Y N Y 
2017-09-07 03:35:22.854353: I tensorflow/core/common_runtime/gpu/gpu_device.cc:1045] Creating TensorFlow device (/gpu:0) -> (device: 0, name: GeForce GTX TITAN X, pci bus id: 0000:04:00.0)
2017-09-07 03:35:22.854377: I tensorflow/core/common_runtime/gpu/gpu_device.cc:1045] Creating TensorFlow device (/gpu:1) -> (device: 1, name: GeForce GTX TITAN X, pci bus id: 0000:08:00.0)
2017-09-07 03:35:22.854398: I tensorflow/core/common_runtime/gpu/gpu_device.cc:1045] Creating TensorFlow device (/gpu:2) -> (device: 2, name: GeForce GTX TITAN X, pci bus id: 0000:85:00.0)
2017-09-07 03:35:22.854417: I tensorflow/core/common_runtime/gpu/gpu_device.cc:1045] Creating TensorFlow device (/gpu:3) -> (device: 3, name: Tesla K40c, pci bus id: 0000:86:00.0)
2017-09-07 03:35:22.854436: I tensorflow/core/common_runtime/gpu/gpu_device.cc:1045] Creating TensorFlow device (/gpu:4) -> (device: 4, name: GeForce GTX TITAN X, pci bus id: 0000:8a:00.0)
Run: 1, Alpha: 0.5, Learning Rate: 1.00e-04, L2-Weight: 1.00e-03, Batch Size: 5000
HERE
Epoch:  0, Iter:       1, IterSkip:       0, Loss: 0.5000, P_Diff: 0.0001, N_diff: 0.0001
Epoch:  0, Iter:       2, IterSkip:       0, Loss: 0.5000, P_Diff: 0.0000, N_diff: 0.0001
Epoch:  0, Iter:       3, IterSkip:       0, Loss: 0.5000, P_Diff: 0.0000, N_diff: 0.0004
Epoch:  0, Iter:       4, IterSkip:       0, Loss: 0.5000, P_Diff: 0.0003, N_diff: 0.0003
Epoch:  0, Iter:       5, IterSkip:       0, Loss: 0.5000, P_Diff: 0.0002, N_diff: 0.0003
Epoch:  0, Iter:       6, IterSkip:       0, Loss: 0.5000, P_Diff: 0.0001, N_diff: 0.0002
Epoch:  0, Iter:       7, IterSkip:       0, Loss: 0.5000, P_Diff: 0.0007, N_diff: 0.0007
Epoch:  0, Iter:       8, IterSkip:       0, Loss: 0.5000, P_Diff: 0.0000, N_diff: 0.0006
Epoch:  0, Iter:       9, IterSkip:       0, Loss: 0.5000, P_Diff: 0.0015, N_diff: 0.0008
Epoch:  0, Iter:      10, IterSkip:       0, Loss: 0.5000, P_Diff: 0.0001, N_diff: 0.0002
Epoch:  0, Iter:      11, IterSkip:       0, Loss: 0.5000, P_Diff: 0.0004, N_diff: 0.0001
Epoch:  0, Iter:      12, IterSkip:       0, Loss: 0.5000, P_Diff: 0.0000, N_diff: 0.0001
Epoch:  0, Iter:      13, IterSkip:       0, Loss: 0.5000, P_Diff: 0.0000, N_diff: 0.0000
Epoch:  0, Iter:      14, IterSkip:       0, Loss: 0.5000, P_Diff: 0.0001, N_diff: 0.0000
Epoch:  0, Iter:      15, IterSkip:       0, Loss: 0.5000, P_Diff: 0.0000, N_diff: 0.0000
Epoch:  0, Iter:      16, IterSkip:       0, Loss: 0.5000, P_Diff: 0.0001, N_diff: 0.0001
Epoch:  0, Iter:      17, IterSkip:       0, Loss: 0.5000, P_Diff: 0.0001, N_diff: 0.0000
Epoch:  0, Iter:      18, IterSkip:       0, Loss: 0.5000, P_Diff: 0.0000, N_diff: 0.0000
Epoch:  0, Iter:      19, IterSkip:       0, Loss: 0.5000, P_Diff: 0.0000, N_diff: 0.0000
Epoch:  0, Iter:      20, IterSkip:       0, Loss: 0.5000, P_Diff: 0.0000, N_diff: 0.0001
Epoch:  0, Iter:      21, IterSkip:       0, Loss: 0.5000, P_Diff: 0.0000, N_diff: 0.0000
Epoch:  0, Iter:      22, IterSkip:       0, Loss: 0.5000, P_Diff: 0.0000, N_diff: 0.0000
Epoch:  0, Iter:      23, IterSkip:       0, Loss: 0.5000, P_Diff: 0.0000, N_diff: 0.0000
Epoch:  0, Iter:      24, IterSkip:       0, Loss: 0.5000, P_Diff: 0.0000, N_diff: 0.0000
Epoch:  0, Iter:      25, IterSkip:       0, Loss: 0.5000, P_Diff: 0.0000, N_diff: 0.0000
Epoch:  0, Iter:      26, IterSkip:       0, Loss: 0.5000, P_Diff: 0.0000, N_diff: 0.0000
Epoch:  0, Iter:      27, IterSkip:       0, Loss: 0.5000, P_Diff: 0.0000, N_diff: 0.0000
Epoch:  0, Iter:      28, IterSkip:       0, Loss: 0.5000, P_Diff: 0.0000, N_diff: 0.0000
Epoch:  0, Iter:      29, IterSkip:       0, Loss: 0.5000, P_Diff: 0.0000, N_diff: 0.0000
Epoch:  0, Iter:      30, IterSkip:       0, Loss: 0.5000, P_Diff: 0.0001, N_diff: 0.0001
Epoch:  0, Iter:      31, IterSkip:       0, Loss: 0.5000, P_Diff: 0.0000, N_diff: 0.0001
Epoch:  0, Iter:      32, IterSkip:       0, Loss: 0.5000, P_Diff: 0.0001, N_diff: 0.0001
Epoch:  0, Iter:      33, IterSkip:       0, Loss: 0.5000, P_Diff: 0.0000, N_diff: 0.0000
Epoch:  0, Iter:      34, IterSkip:       0, Loss: 0.5000, P_Diff: 0.0000, N_diff: 0.0000
Epoch:  0, Iter:      35, IterSkip:       0, Loss: 0.5000, P_Diff: 0.0000, N_diff: 0.0000
Epoch:  0, Iter:      36, IterSkip:       0, Loss: 0.5000, P_Diff: 0.0000, N_diff: 0.0001
Epoch:  0, Iter:      37, IterSkip:       0, Loss: 0.5000, P_Diff: 0.0000, N_diff: 0.0001
Epoch:  0, Iter:      38, IterSkip:       0, Loss: 0.5000, P_Diff: 0.0000, N_diff: 0.0000
Epoch:  0, Iter:      39, IterSkip:       0, Loss: 0.5000, P_Diff: 0.0001, N_diff: 0.0001
Epoch:  0, Iter:      40, IterSkip:       0, Loss: 0.5000, P_Diff: 0.0000, N_diff: 0.0000
Epoch:  0, Iter:      41, IterSkip:       0, Loss: 0.5000, P_Diff: 0.0000, N_diff: 0.0001
Epoch:  0, Iter:      42, IterSkip:       0, Loss: 0.5000, P_Diff: 0.0000, N_diff: 0.0001
Epoch:  0, Iter:      43, IterSkip:       0, Loss: 0.5000, P_Diff: 0.0001, N_diff: 0.0001
Epoch:  0, Iter:      44, IterSkip:       0, Loss: 0.5000, P_Diff: 0.0000, N_diff: 0.0000
Epoch:  0, Iter:      45, IterSkip:       0, Loss: 0.5000, P_Diff: 0.0000, N_diff: 0.0000
Epoch:  0, Iter:      46, IterSkip:       0, Loss: 0.5000, P_Diff: 0.0000, N_diff: 0.0000
Epoch:  0, Iter:      47, IterSkip:       0, Loss: 0.5000, P_Diff: 0.0000, N_diff: 0.0000
Epoch:  0, Iter:      48, IterSkip:       0, Loss: 0.5000, P_Diff: 0.0001, N_diff: 0.0000
Epoch:  0, Iter:      49, IterSkip:       0, Loss: 0.5000, P_Diff: 0.0000, N_diff: 0.0000
Epoch:  0, Iter:      50, IterSkip:       0, Loss: 0.5000, P_Diff: 0.0001, N_diff: 0.0001
Epoch:  0, Iter:      51, IterSkip:       0, Loss: 0.5000, P_Diff: 0.0002, N_diff: 0.0002
Epoch:  0, Iter:      52, IterSkip:       0, Loss: 0.5000, P_Diff: 0.0001, N_diff: 0.0001
Epoch:  0, Iter:      53, IterSkip:       0, Loss: 0.5000, P_Diff: 0.0000, N_diff: 0.0001
Epoch:  0, Iter:      54, IterSkip:       0, Loss: 0.5000, P_Diff: 0.0000, N_diff: 0.0000
Epoch:  0, Iter:      55, IterSkip:       0, Loss: 0.5000, P_Diff: 0.0000, N_diff: 0.0000
Epoch:  0, Iter:      56, IterSkip:       0, Loss: 0.5000, P_Diff: 0.0000, N_diff: 0.0001
Epoch:  0, Iter:      57, IterSkip:       0, Loss: 0.5000, P_Diff: 0.0000, N_diff: 0.0000
Epoch:  0, Iter:      58, IterSkip:       0, Loss: 0.5000, P_Diff: 0.0002, N_diff: 0.0002
Epoch:  0, Iter:      59, IterSkip:       0, Loss: 0.5000, P_Diff: 0.0000, N_diff: 0.0000
Epoch:  0, Iter:      60, IterSkip:       0, Loss: 0.5000, P_Diff: 0.0000, N_diff: 0.0002
Epoch:  0, Iter:      61, IterSkip:       0, Loss: 0.5000, P_Diff: 0.0000, N_diff: 0.0000
Epoch:  0, Iter:      62, IterSkip:       0, Loss: 0.5000, P_Diff: 0.0000, N_diff: 0.0000
Epoch:  0, Iter:      63, IterSkip:       0, Loss: 0.5000, P_Diff: 0.0000, N_diff: 0.0001
Epoch:  0, Iter:      64, IterSkip:       0, Loss: 0.5000, P_Diff: 0.0000, N_diff: 0.0000
Epoch:  0, Iter:      65, IterSkip:       0, Loss: 0.5000, P_Diff: 0.0000, N_diff: 0.0000
Epoch:  0, Iter:      66, IterSkip:       0, Loss: 0.5000, P_Diff: 0.0000, N_diff: 0.0004
Epoch:  0, Iter:      67, IterSkip:       0, Loss: 0.5000, P_Diff: 0.0003, N_diff: 0.0001
Epoch:  0, Iter:      68, IterSkip:       0, Loss: 0.5000, P_Diff: 0.0001, N_diff: 0.0001
Epoch:  0, Iter:      69, IterSkip:       0, Loss: 0.5000, P_Diff: 0.0001, N_diff: 0.0001
Epoch:  0, Iter:      70, IterSkip:       0, Loss: 0.5000, P_Diff: 0.0000, N_diff: 0.0000
Epoch:  0, Iter:      71, IterSkip:       0, Loss: 0.5000, P_Diff: 0.0002, N_diff: 0.0005
Epoch:  0, Iter:      72, IterSkip:       0, Loss: 0.5000, P_Diff: 0.0000, N_diff: 0.0000
Epoch:  0, Iter:      73, IterSkip:       0, Loss: 0.5000, P_Diff: 0.0007, N_diff: 0.0001
Epoch:  0, Iter:      74, IterSkip:       0, Loss: 0.5000, P_Diff: 0.0000, N_diff: 0.0001
Epoch:  0, Iter:      75, IterSkip:       0, Loss: 0.5000, P_Diff: 0.0000, N_diff: 0.0001
Epoch:  0, Iter:      76, IterSkip:       0, Loss: 0.5000, P_Diff: 0.0000, N_diff: 0.0001
Epoch:  0, Iter:      77, IterSkip:       0, Loss: 0.5000, P_Diff: 0.0001, N_diff: 0.0002
Epoch:  0, Iter:      78, IterSkip:       0, Loss: 0.5000, P_Diff: 0.0001, N_diff: 0.0002
Epoch:  0, Iter:      79, IterSkip:       0, Loss: 0.5000, P_Diff: 0.0003, N_diff: 0.0001
Epoch:  0, Iter:      80, IterSkip:       0, Loss: 0.5000, P_Diff: 0.0000, N_diff: 0.0001
Epoch:  0, Iter:      81, IterSkip:       0, Loss: 0.5000, P_Diff: 0.0000, N_diff: 0.0001
Epoch:  0, Iter:      82, IterSkip:       0, Loss: 0.5000, P_Diff: 0.0001, N_diff: 0.0001
Epoch:  0, Iter:      83, IterSkip:       0, Loss: 0.5000, P_Diff: 0.0000, N_diff: 0.0000
Epoch:  0, Iter:      84, IterSkip:       0, Loss: 0.5000, P_Diff: 0.0000, N_diff: 0.0001
Epoch:  0, Iter:      85, IterSkip:       0, Loss: 0.5000, P_Diff: 0.0001, N_diff: 0.0001
Epoch:  0, Iter:      86, IterSkip:       0, Loss: 0.5000, P_Diff: 0.0000, N_diff: 0.0001
Epoch:  0, Iter:      87, IterSkip:       0, Loss: 0.5000, P_Diff: 0.0000, N_diff: 0.0001
Epoch:  0, Iter:      88, IterSkip:       0, Loss: 0.5000, P_Diff: 0.0000, N_diff: 0.0001
Epoch:  0, Iter:      89, IterSkip:       0, Loss: 0.5000, P_Diff: 0.0001, N_diff: 0.0000
Epoch:  0, Iter:      90, IterSkip:       0, Loss: 0.5000, P_Diff: 0.0001, N_diff: 0.0001
Epoch:  0, Iter:      91, IterSkip:       0, Loss: 0.5000, P_Diff: 0.0001, N_diff: 0.0000
Epoch:  0, Iter:      92, IterSkip:       0, Loss: 0.5000, P_Diff: 0.0000, N_diff: 0.0001
Epoch:  0, Iter:      93, IterSkip:       0, Loss: 0.5000, P_Diff: 0.0000, N_diff: 0.0000
Epoch:  0, Iter:      94, IterSkip:       0, Loss: 0.5000, P_Diff: 0.0001, N_diff: 0.0001
Epoch:  0, Iter:      95, IterSkip:       0, Loss: 0.5000, P_Diff: 0.0001, N_diff: 0.0001
Epoch:  0, Iter:      96, IterSkip:       0, Loss: 0.5000, P_Diff: 0.0000, N_diff: 0.0000
Epoch:  0, Iter:      97, IterSkip:       0, Loss: 0.5000, P_Diff: 0.0001, N_diff: 0.0002
Epoch:  0, Iter:      98, IterSkip:       0, Loss: 0.5000, P_Diff: 0.0000, N_diff: 0.0000
Epoch:  0, Iter:      99, IterSkip:       0, Loss: 0.5000, P_Diff: 0.0000, N_diff: 0.0001
Epoch:  0, Iter:     100, IterSkip:       0, Loss: 0.5000, P_Diff: 0.0000, N_diff: 0.0003
Epoch:  0, Iter:     101, IterSkip:       0, Loss: 0.5000, P_Diff: 0.0000, N_diff: 0.0002
Epoch:  0, Iter:     102, IterSkip:       0, Loss: 0.5000, P_Diff: 0.0000, N_diff: 0.0003
Epoch:  0, Iter:     103, IterSkip:       0, Loss: 0.5000, P_Diff: 0.0001, N_diff: 0.0000
Epoch:  0, Iter:     104, IterSkip:       0, Loss: 0.5000, P_Diff: 0.0001, N_diff: 0.0002
Epoch:  0, Iter:     105, IterSkip:       0, Loss: 0.5000, P_Diff: 0.0000, N_diff: 0.0002
Epoch:  0, Iter:     106, IterSkip:       0, Loss: 0.5000, P_Diff: 0.0004, N_diff: 0.0005
Epoch:  0, Iter:     107, IterSkip:       0, Loss: 0.5000, P_Diff: 0.0003, N_diff: 0.0004
Epoch:  0, Iter:     108, IterSkip:       0, Loss: 0.5000, P_Diff: 0.0010, N_diff: 0.0000
Epoch:  0, Iter:     109, IterSkip:       0, Loss: 0.5000, P_Diff: 0.0001, N_diff: 0.0001
Epoch:  0, Iter:     110, IterSkip:       0, Loss: 0.5000, P_Diff: 0.0000, N_diff: 0.0001
Epoch:  0, Iter:     111, IterSkip:       0, Loss: 0.5000, P_Diff: 0.0000, N_diff: 0.0001
Epoch:  0, Iter:     112, IterSkip:       0, Loss: 0.5000, P_Diff: 0.0000, N_diff: 0.0000
Epoch:  0, Iter:     113, IterSkip:       0, Loss: 0.5000, P_Diff: 0.0001, N_diff: 0.0000
Epoch:  0, Iter:     114, IterSkip:       0, Loss: 0.5000, P_Diff: 0.0000, N_diff: 0.0000
Epoch:  0, Iter:     115, IterSkip:       0, Loss: 0.5000, P_Diff: 0.0001, N_diff: 0.0001
Epoch:  0, Iter:     116, IterSkip:       0, Loss: 0.5000, P_Diff: 0.0000, N_diff: 0.0000
Epoch:  0, Iter:     117, IterSkip:       0, Loss: 0.5000, P_Diff: 0.0000, N_diff: 0.0000
Epoch:  0, Iter:     118, IterSkip:       0, Loss: 0.5000, P_Diff: 0.0000, N_diff: 0.0000
Epoch:  0, Iter:     119, IterSkip:       0, Loss: 0.5000, P_Diff: 0.0001, N_diff: 0.0001
Epoch:  0, Iter:     120, IterSkip:       0, Loss: 0.5000, P_Diff: 0.0000, N_diff: 0.0000
Epoch:  0, Iter:     121, IterSkip:       0, Loss: 0.5000, P_Diff: 0.0000, N_diff: 0.0000
Epoch:  0, Iter:     122, IterSkip:       0, Loss: 0.5000, P_Diff: 0.0000, N_diff: 0.0000
Epoch:  0, Iter:     123, IterSkip:       0, Loss: 0.5000, P_Diff: 0.0000, N_diff: 0.0000
Epoch:  0, Iter:     124, IterSkip:       0, Loss: 0.5000, P_Diff: 0.0000, N_diff: 0.0000
Epoch:  0, Iter:     125, IterSkip:       0, Loss: 0.5000, P_Diff: 0.0000, N_diff: 0.0000
Epoch:  0, Iter:     126, IterSkip:       0, Loss: 0.5000, P_Diff: 0.0000, N_diff: 0.0000
Epoch:  0, Iter:     127, IterSkip:       0, Loss: 0.5000, P_Diff: 0.0000, N_diff: 0.0000
Epoch:  0, Iter:     128, IterSkip:       0, Loss: 0.5000, P_Diff: 0.0000, N_diff: 0.0000
Epoch:  0, Iter:     129, IterSkip:       0, Loss: 0.5000, P_Diff: 0.0000, N_diff: 0.0000
Epoch:  0, Iter:     130, IterSkip:       0, Loss: 0.5000, P_Diff: 0.0000, N_diff: 0.0000
Epoch:  0, Iter:     131, IterSkip:       0, Loss: 0.5000, P_Diff: 0.0000, N_diff: 0.0000
Epoch:  0, Iter:     132, IterSkip:       0, Loss: 0.5000, P_Diff: 0.0000, N_diff: 0.0000
Epoch:  0, Iter:     133, IterSkip:       0, Loss: 0.5000, P_Diff: 0.0000, N_diff: 0.0000
Epoch:  0, Iter:     134, IterSkip:       0, Loss: 0.5000, P_Diff: 0.0000, N_diff: 0.0000
Epoch:  0, Iter:     135, IterSkip:       0, Loss: 0.5000, P_Diff: 0.0000, N_diff: 0.0000
Epoch:  0, Iter:     136, IterSkip:       0, Loss: 0.5000, P_Diff: 0.0000, N_diff: 0.0000
Epoch:  0, Iter:     137, IterSkip:       0, Loss: 0.5000, P_Diff: 0.0000, N_diff: 0.0000
Epoch:  0, Iter:     138, IterSkip:       0, Loss: 0.5000, P_Diff: 0.0000, N_diff: 0.0001
Epoch:  0, Iter:     139, IterSkip:       0, Loss: 0.5000, P_Diff: 0.0000, N_diff: 0.0000
Epoch:  0, Iter:     140, IterSkip:       0, Loss: 0.5000, P_Diff: 0.0000, N_diff: 0.0001
Epoch:  0, Iter:     141, IterSkip:       0, Loss: 0.5000, P_Diff: 0.0000, N_diff: 0.0000
Epoch:  0, Iter:     142, IterSkip:       0, Loss: 0.5000, P_Diff: 0.0000, N_diff: 0.0000
Epoch:  0, Iter:     143, IterSkip:       0, Loss: 0.5000, P_Diff: 0.0000, N_diff: 0.0000
Epoch:  0, Iter:     144, IterSkip:       0, Loss: 0.5000, P_Diff: 0.0000, N_diff: 0.0000
Epoch:  0, Iter:     145, IterSkip:       0, Loss: 0.5000, P_Diff: 0.0000, N_diff: 0.0000
Epoch:  0, Iter:     146, IterSkip:       0, Loss: 0.5000, P_Diff: 0.0000, N_diff: 0.0000
Epoch:  0, Iter:     147, IterSkip:       0, Loss: 0.5000, P_Diff: 0.0000, N_diff: 0.0000
Epoch:  0, Iter:     148, IterSkip:       0, Loss: 0.5000, P_Diff: 0.0000, N_diff: 0.0000
Epoch:  0, Iter:     149, IterSkip:       0, Loss: 0.5000, P_Diff: 0.0000, N_diff: 0.0000
Epoch:  0, Iter:     150, IterSkip:       0, Loss: 0.5000, P_Diff: 0.0000, N_diff: 0.0000
Epoch:  0, Iter:     151, IterSkip:       0, Loss: 0.5000, P_Diff: 0.0000, N_diff: 0.0000
Epoch:  0, Iter:     152, IterSkip:       0, Loss: 0.5000, P_Diff: 0.0000, N_diff: 0.0000
Epoch:  0, Iter:     153, IterSkip:       0, Loss: 0.5000, P_Diff: 0.0000, N_diff: 0.0000
Epoch:  0, Iter:     154, IterSkip:       0, Loss: 0.5000, P_Diff: 0.0000, N_diff: 0.0001
Epoch:  0, Iter:     155, IterSkip:       0, Loss: 0.5000, P_Diff: 0.0001, N_diff: 0.0001
Epoch:  0, Iter:     156, IterSkip:       0, Loss: 0.5000, P_Diff: 0.0000, N_diff: 0.0000
Epoch:  0, Iter:     157, IterSkip:       0, Loss: 0.5000, P_Diff: 0.0000, N_diff: 0.0000
Epoch:  0, Iter:     158, IterSkip:       0, Loss: 0.5000, P_Diff: 0.0000, N_diff: 0.0000
Epoch:  0, Iter:     159, IterSkip:       0, Loss: 0.5000, P_Diff: 0.0000, N_diff: 0.0000
Epoch:  0, Iter:     160, IterSkip:       0, Loss: 0.5000, P_Diff: 0.0001, N_diff: 0.0000
Epoch:  0, Iter:     161, IterSkip:       0, Loss: 0.5000, P_Diff: 0.0000, N_diff: 0.0000
Epoch:  0, Iter:     162, IterSkip:       0, Loss: 0.5000, P_Diff: 0.0001, N_diff: 0.0000
Epoch:  0, Iter:     163, IterSkip:       0, Loss: 0.5000, P_Diff: 0.0001, N_diff: 0.0001
Epoch:  0, Iter:     164, IterSkip:       0, Loss: 0.5000, P_Diff: 0.0001, N_diff: 0.0001
Epoch:  0, Iter:     165, IterSkip:       0, Loss: 0.5000, P_Diff: 0.0000, N_diff: 0.0000
Epoch:  0, Iter:     166, IterSkip:       0, Loss: 0.5000, P_Diff: 0.0000, N_diff: 0.0000
Epoch:  0, Iter:     167, IterSkip:       0, Loss: 0.5000, P_Diff: 0.0000, N_diff: 0.0001
Epoch:  0, Iter:     168, IterSkip:       0, Loss: 0.5000, P_Diff: 0.0000, N_diff: 0.0000
Epoch:  0, Iter:     169, IterSkip:       0, Loss: 0.5000, P_Diff: 0.0000, N_diff: 0.0000
Epoch:  0, Iter:     170, IterSkip:       0, Loss: 0.5000, P_Diff: 0.0000, N_diff: 0.0000
Epoch:  0, Iter:     171, IterSkip:       0, Loss: 0.5000, P_Diff: 0.0000, N_diff: 0.0000
Epoch:  0, Iter:     172, IterSkip:       0, Loss: 0.5000, P_Diff: 0.0000, N_diff: 0.0000
Epoch:  0, Iter:     173, IterSkip:       0, Loss: 0.5000, P_Diff: 0.0000, N_diff: 0.0001
Epoch:  0, Iter:     174, IterSkip:       0, Loss: 0.5000, P_Diff: 0.0000, N_diff: 0.0000
Epoch:  0, Iter:     175, IterSkip:       0, Loss: 0.5000, P_Diff: 0.0000, N_diff: 0.0000
Epoch:  0, Iter:     176, IterSkip:       0, Loss: 0.5000, P_Diff: 0.0000, N_diff: 0.0001
Epoch:  0, Iter:     177, IterSkip:       0, Loss: 0.5000, P_Diff: 0.0000, N_diff: 0.0000
Epoch:  0, Iter:     178, IterSkip:       0, Loss: 0.5000, P_Diff: 0.0001, N_diff: 0.0001
Epoch:  0, Iter:     179, IterSkip:       0, Loss: 0.5000, P_Diff: 0.0000, N_diff: 0.0000
Epoch:  0, Iter:     180, IterSkip:       0, Loss: 0.5000, P_Diff: 0.0000, N_diff: 0.0000
Epoch:  0, Iter:     181, IterSkip:       0, Loss: 0.5000, P_Diff: 0.0000, N_diff: 0.0000
Epoch:  0, Iter:     182, IterSkip:       0, Loss: 0.5000, P_Diff: 0.0001, N_diff: 0.0001
Epoch:  0, Iter:     183, IterSkip:       0, Loss: 0.5000, P_Diff: 0.0000, N_diff: 0.0000
Epoch:  0, Iter:     184, IterSkip:       0, Loss: 0.5000, P_Diff: 0.0000, N_diff: 0.0000
Epoch:  0, Iter:     185, IterSkip:       0, Loss: 0.5000, P_Diff: 0.0000, N_diff: 0.0000
Epoch:  0, Iter:     186, IterSkip:       0, Loss: 0.5000, P_Diff: 0.0001, N_diff: 0.0001
Epoch:  0, Iter:     187, IterSkip:       0, Loss: 0.5000, P_Diff: 0.0000, N_diff: 0.0001
Epoch:  0, Iter:     188, IterSkip:       0, Loss: 0.5000, P_Diff: 0.0000, N_diff: 0.0000
Epoch:  0, Iter:     189, IterSkip:       0, Loss: 0.5000, P_Diff: 0.0000, N_diff: 0.0001
Epoch:  0, Iter:     190, IterSkip:       0, Loss: 0.5000, P_Diff: 0.0000, N_diff: 0.0001
Epoch:  0, Iter:     191, IterSkip:       0, Loss: 0.5000, P_Diff: 0.0002, N_diff: 0.0002
Epoch:  0, Iter:     192, IterSkip:       0, Loss: 0.5000, P_Diff: 0.0002, N_diff: 0.0002
Epoch:  0, Iter:     193, IterSkip:       0, Loss: 0.5000, P_Diff: 0.0001, N_diff: 0.0001
Epoch:  0, Iter:     194, IterSkip:       0, Loss: 0.5000, P_Diff: 0.0001, N_diff: 0.0001
Epoch:  0, Iter:     195, IterSkip:       0, Loss: 0.5000, P_Diff: 0.0000, N_diff: 0.0001
Epoch:  0, Iter:     196, IterSkip:       0, Loss: 0.5000, P_Diff: 0.0000, N_diff: 0.0000
Epoch:  0, Iter:     197, IterSkip:       0, Loss: 0.5000, P_Diff: 0.0000, N_diff: 0.0002
Epoch:  0, Iter:     198, IterSkip:       0, Loss: 0.5000, P_Diff: 0.0001, N_diff: 0.0001
Epoch:  0, Iter:     199, IterSkip:       0, Loss: 0.5000, P_Diff: 0.0001, N_diff: 0.0001
Epoch:  0, Iter:     200, IterSkip:       0, Loss: 0.5000, P_Diff: 0.0000, N_diff: 0.0000
Epoch:  0, Iter:     201, IterSkip:       0, Loss: 0.5000, P_Diff: 0.0000, N_diff: 0.0000
Epoch:  0, Iter:     202, IterSkip:       0, Loss: 0.5000, P_Diff: 0.0002, N_diff: 0.0002
Epoch:  0, Iter:     203, IterSkip:       0, Loss: 0.5000, P_Diff: 0.0001, N_diff: 0.0000
Epoch:  0, Iter:     204, IterSkip:       0, Loss: 0.5000, P_Diff: 0.0003, N_diff: 0.0000
Epoch:  0, Iter:     205, IterSkip:       0, Loss: 0.5000, P_Diff: 0.0000, N_diff: 0.0000
Epoch:  0, Iter:     206, IterSkip:       0, Loss: 0.5000, P_Diff: 0.0000, N_diff: 0.0000
Epoch:  0, Iter:     207, IterSkip:       0, Loss: 0.5000, P_Diff: 0.0003, N_diff: 0.0003
Epoch:  0, Iter:     208, IterSkip:       0, Loss: 0.5000, P_Diff: 0.0000, N_diff: 0.0000
Epoch:  0, Iter:     209, IterSkip:       0, Loss: 0.5000, P_Diff: 0.0000, N_diff: 0.0000
Epoch:  0, Iter:     210, IterSkip:       0, Loss: 0.5000, P_Diff: 0.0000, N_diff: 0.0001
Epoch:  0, Iter:     211, IterSkip:       0, Loss: 0.5000, P_Diff: 0.0001, N_diff: 0.0001
Epoch:  0, Iter:     212, IterSkip:       0, Loss: 0.5000, P_Diff: 0.0000, N_diff: 0.0001
Epoch:  0, Iter:     213, IterSkip:       0, Loss: 0.5000, P_Diff: 0.0000, N_diff: 0.0000
Epoch:  0, Iter:     214, IterSkip:       0, Loss: 0.5000, P_Diff: 0.0000, N_diff: 0.0000
Epoch:  0, Iter:     215, IterSkip:       0, Loss: 0.5000, P_Diff: 0.0000, N_diff: 0.0000
Epoch:  0, Iter:     216, IterSkip:       0, Loss: 0.5000, P_Diff: 0.0000, N_diff: 0.0000
Epoch:  0, Iter:     217, IterSkip:       0, Loss: 0.5000, P_Diff: 0.0000, N_diff: 0.0003
Epoch:  0, Iter:     218, IterSkip:       0, Loss: 0.5000, P_Diff: 0.0002, N_diff: 0.0003
Epoch:  0, Iter:     219, IterSkip:       0, Loss: 0.5000, P_Diff: 0.0000, N_diff: 0.0000
Epoch:  0, Iter:     220, IterSkip:       0, Loss: 0.5000, P_Diff: 0.0003, N_diff: 0.0000
Epoch:  0, Iter:     221, IterSkip:       0, Loss: 0.5000, P_Diff: 0.0001, N_diff: 0.0002
Epoch:  0, Iter:     222, IterSkip:       0, Loss: 0.5000, P_Diff: 0.0001, N_diff: 0.0003
Epoch:  0, Iter:     223, IterSkip:       0, Loss: 0.5000, P_Diff: 0.0001, N_diff: 0.0002
Epoch:  0, Iter:     224, IterSkip:       0, Loss: 0.5000, P_Diff: 0.0001, N_diff: 0.0001
Epoch:  0, Iter:     225, IterSkip:       0, Loss: 0.5000, P_Diff: 0.0003, N_diff: 0.0001
Epoch:  0, Iter:     226, IterSkip:       0, Loss: 0.5000, P_Diff: 0.0000, N_diff: 0.0000
Epoch:  0, Iter:     227, IterSkip:       0, Loss: 0.5000, P_Diff: 0.0000, N_diff: 0.0000
Epoch:  0, Iter:     228, IterSkip:       0, Loss: 0.5000, P_Diff: 0.0000, N_diff: 0.0003
Epoch:  0, Iter:     229, IterSkip:       0, Loss: 0.5000, P_Diff: 0.0001, N_diff: 0.0001
Epoch:  0, Iter:     230, IterSkip:       0, Loss: 0.5000, P_Diff: 0.0001, N_diff: 0.0001
Epoch:  0, Iter:     231, IterSkip:       0, Loss: 0.5000, P_Diff: 0.0002, N_diff: 0.0003
Epoch:  0, Iter:     232, IterSkip:       0, Loss: 0.5000, P_Diff: 0.0003, N_diff: 0.0003
Epoch:  0, Iter:     233, IterSkip:       0, Loss: 0.5000, P_Diff: 0.0001, N_diff: 0.0003
Epoch:  0, Iter:     234, IterSkip:       0, Loss: 0.5000, P_Diff: 0.0006, N_diff: 0.0001
Epoch:  0, Iter:     235, IterSkip:       0, Loss: 0.5000, P_Diff: 0.0000, N_diff: 0.0004
Epoch:  0, Iter:     236, IterSkip:       0, Loss: 0.5000, P_Diff: 0.0001, N_diff: 0.0001
Epoch:  0, Iter:     237, IterSkip:       0, Loss: 0.5000, P_Diff: 0.0001, N_diff: 0.0000
Epoch:  0, Iter:     238, IterSkip:       0, Loss: 0.5000, P_Diff: 0.0001, N_diff: 0.0001
Epoch:  0, Iter:     239, IterSkip:       0, Loss: 0.5000, P_Diff: 0.0002, N_diff: 0.0000
Epoch:  0, Iter:     240, IterSkip:       0, Loss: 0.5000, P_Diff: 0.0000, N_diff: 0.0001
Epoch:  0, Iter:     241, IterSkip:       0, Loss: 0.5000, P_Diff: 0.0000, N_diff: 0.0000
Epoch:  0, Iter:     242, IterSkip:       0, Loss: 0.5000, P_Diff: 0.0002, N_diff: 0.0003
Epoch:  0, Iter:     243, IterSkip:       0, Loss: 0.5000, P_Diff: 0.0001, N_diff: 0.0001
Epoch:  0, Iter:     244, IterSkip:       0, Loss: 0.5000, P_Diff: 0.0000, N_diff: 0.0001
Epoch:  0, Iter:     245, IterSkip:       0, Loss: 0.5000, P_Diff: 0.0001, N_diff: 0.0001
Epoch:  0, Iter:     246, IterSkip:       0, Loss: 0.5000, P_Diff: 0.0001, N_diff: 0.0004
Epoch:  0, Iter:     247, IterSkip:       0, Loss: 0.5000, P_Diff: 0.0002, N_diff: 0.0000
Epoch:  0, Iter:     248, IterSkip:       0, Loss: 0.5000, P_Diff: 0.0000, N_diff: 0.0001
Epoch:  0, Iter:     249, IterSkip:       0, Loss: 0.5000, P_Diff: 0.0001, N_diff: 0.0002
Epoch:  0, Iter:     250, IterSkip:       0, Loss: 0.5000, P_Diff: 0.0000, N_diff: 0.0000
Epoch:  0, Iter:     251, IterSkip:       0, Loss: 0.5000, P_Diff: 0.0002, N_diff: 0.0005
Epoch:  0, Iter:     252, IterSkip:       0, Loss: 0.5000, P_Diff: 0.0000, N_diff: 0.0003
Epoch:  0, Iter:     253, IterSkip:       0, Loss: 0.5000, P_Diff: 0.0012, N_diff: 0.0003
Epoch:  0, Iter:     254, IterSkip:       0, Loss: 0.5000, P_Diff: 0.0000, N_diff: 0.0002
Epoch:  0, Iter:     255, IterSkip:       0, Loss: 0.5000, P_Diff: 0.0001, N_diff: 0.0001
Epoch:  0, Iter:     256, IterSkip:       0, Loss: 0.5000, P_Diff: 0.0000, N_diff: 0.0000
Epoch:  0, Iter:     257, IterSkip:       0, Loss: 0.5000, P_Diff: 0.0000, N_diff: 0.0000
Epoch:  0, Iter:     258, IterSkip:       0, Loss: 0.5000, P_Diff: 0.0000, N_diff: 0.0000
Epoch:  0, Iter:     259, IterSkip:       0, Loss: 0.5000, P_Diff: 0.0000, N_diff: 0.0000
Epoch:  0, Iter:     260, IterSkip:       0, Loss: 0.5000, P_Diff: 0.0001, N_diff: 0.0001
Epoch:  0, Iter:     261, IterSkip:       0, Loss: 0.5000, P_Diff: 0.0000, N_diff: 0.0000
Epoch:  0, Iter:     262, IterSkip:       0, Loss: 0.5000, P_Diff: 0.0001, N_diff: 0.0001
Epoch:  0, Iter:     263, IterSkip:       0, Loss: 0.5000, P_Diff: 0.0000, N_diff: 0.0000
Epoch:  0, Iter:     264, IterSkip:       0, Loss: 0.5000, P_Diff: 0.0000, N_diff: 0.0001
Epoch:  0, Iter:     265, IterSkip:       0, Loss: 0.5000, P_Diff: 0.0000, N_diff: 0.0000
Epoch:  0, Iter:     266, IterSkip:       0, Loss: 0.5000, P_Diff: 0.0000, N_diff: 0.0001
Epoch:  0, Iter:     267, IterSkip:       0, Loss: 0.5000, P_Diff: 0.0000, N_diff: 0.0001
Epoch:  0, Iter:     268, IterSkip:       0, Loss: 0.5000, P_Diff: 0.0000, N_diff: 0.0000
Epoch:  0, Iter:     269, IterSkip:       0, Loss: 0.5000, P_Diff: 0.0000, N_diff: 0.0000
Epoch:  0, Iter:     270, IterSkip:       0, Loss: 0.5000, P_Diff: 0.0000, N_diff: 0.0000
Epoch:  0, Iter:     271, IterSkip:       0, Loss: 0.5000, P_Diff: 0.0000, N_diff: 0.0001
Epoch:  0, Iter:     272, IterSkip:       0, Loss: 0.5000, P_Diff: 0.0003, N_diff: 0.0000
Epoch:  0, Iter:     273, IterSkip:       0, Loss: 0.5000, P_Diff: 0.0000, N_diff: 0.0001
Epoch:  0, Iter:     274, IterSkip:       0, Loss: 0.5000, P_Diff: 0.0000, N_diff: 0.0000
Epoch:  0, Iter:     275, IterSkip:       0, Loss: 0.5000, P_Diff: 0.0000, N_diff: 0.0000
Epoch:  0, Iter:     276, IterSkip:       0, Loss: 0.5000, P_Diff: 0.0000, N_diff: 0.0001
Epoch:  0, Iter:     277, IterSkip:       0, Loss: 0.5000, P_Diff: 0.0000, N_diff: 0.0000
Epoch:  0, Iter:     278, IterSkip:       0, Loss: 0.5000, P_Diff: 0.0000, N_diff: 0.0001
Epoch:  0, Iter:     279, IterSkip:       0, Loss: 0.5000, P_Diff: 0.0000, N_diff: 0.0001
Epoch:  0, Iter:     280, IterSkip:       0, Loss: 0.5000, P_Diff: 0.0000, N_diff: 0.0002
Epoch:  0, Iter:     281, IterSkip:       0, Loss: 0.5000, P_Diff: 0.0000, N_diff: 0.0000
Epoch:  0, Iter:     282, IterSkip:       0, Loss: 0.5000, P_Diff: 0.0001, N_diff: 0.0001
Epoch:  0, Iter:     283, IterSkip:       0, Loss: 0.5000, P_Diff: 0.0000, N_diff: 0.0000
Epoch:  0, Iter:     284, IterSkip:       0, Loss: 0.5000, P_Diff: 0.0000, N_diff: 0.0001
Epoch:  0, Iter:     285, IterSkip:       0, Loss: 0.5000, P_Diff: 0.0000, N_diff: 0.0000
Epoch:  0, Iter:     286, IterSkip:       0, Loss: 0.5000, P_Diff: 0.0000, N_diff: 0.0001
Epoch:  0, Iter:     287, IterSkip:       0, Loss: 0.5000, P_Diff: 0.0000, N_diff: 0.0000
Epoch:  0, Iter:     288, IterSkip:       0, Loss: 0.5000, P_Diff: 0.0000, N_diff: 0.0001
Epoch:  0, Iter:     289, IterSkip:       0, Loss: 0.5000, P_Diff: 0.0000, N_diff: 0.0000
Epoch:  0, Iter:     290, IterSkip:       0, Loss: 0.5000, P_Diff: 0.0000, N_diff: 0.0001
Epoch:  0, Iter:     291, IterSkip:       0, Loss: 0.5000, P_Diff: 0.0000, N_diff: 0.0003
Epoch:  0, Iter:     292, IterSkip:       0, Loss: 0.5000, P_Diff: 0.0000, N_diff: 0.0001
Epoch:  0, Iter:     293, IterSkip:       0, Loss: 0.5000, P_Diff: 0.0000, N_diff: 0.0000
Epoch:  0, Iter:     294, IterSkip:       0, Loss: 0.5000, P_Diff: 0.0000, N_diff: 0.0001
Epoch:  0, Iter:     295, IterSkip:       0, Loss: 0.5000, P_Diff: 0.0004, N_diff: 0.0001
Epoch:  0, Iter:     296, IterSkip:       0, Loss: 0.5000, P_Diff: 0.0000, N_diff: 0.0000
Epoch:  0, Iter:     297, IterSkip:       0, Loss: 0.5000, P_Diff: 0.0003, N_diff: 0.0000
Epoch:  0, Iter:     298, IterSkip:       0, Loss: 0.5000, P_Diff: 0.0000, N_diff: 0.0001
Epoch:  0, Iter:     299, IterSkip:       0, Loss: 0.5000, P_Diff: 0.0000, N_diff: 0.0000
Epoch:  0, Iter:     300, IterSkip:       0, Loss: 0.5000, P_Diff: 0.0001, N_diff: 0.0001
Epoch:  0, Iter:     301, IterSkip:       0, Loss: 0.5000, P_Diff: 0.0000, N_diff: 0.0000
Epoch:  0, Iter:     302, IterSkip:       0, Loss: 0.5000, P_Diff: 0.0000, N_diff: 0.0000
Epoch:  0, Iter:     303, IterSkip:       0, Loss: 0.5000, P_Diff: 0.0000, N_diff: 0.0000
Epoch:  0, Iter:     304, IterSkip:       0, Loss: 0.5000, P_Diff: 0.0001, N_diff: 0.0000
Epoch:  0, Iter:     305, IterSkip:       0, Loss: 0.5000, P_Diff: 0.0000, N_diff: 0.0000
Epoch:  0, Iter:     306, IterSkip:       0, Loss: 0.5000, P_Diff: 0.0000, N_diff: 0.0001
Epoch:  0, Iter:     307, IterSkip:       0, Loss: 0.5000, P_Diff: 0.0000, N_diff: 0.0000
Epoch:  0, Iter:     308, IterSkip:       0, Loss: 0.5000, P_Diff: 0.0001, N_diff: 0.0001
Epoch:  0, Iter:     309, IterSkip:       0, Loss: 0.5000, P_Diff: 0.0001, N_diff: 0.0001
Epoch:  0, Iter:     310, IterSkip:       0, Loss: 0.5000, P_Diff: 0.0001, N_diff: 0.0000
Epoch:  0, Iter:     311, IterSkip:       0, Loss: 0.5000, P_Diff: 0.0001, N_diff: 0.0001
Epoch:  0, Iter:     312, IterSkip:       0, Loss: 0.5000, P_Diff: 0.0001, N_diff: 0.0001
Epoch:  0, Iter:     313, IterSkip:       0, Loss: 0.5000, P_Diff: 0.0000, N_diff: 0.0000
Epoch:  0, Iter:     314, IterSkip:       0, Loss: 0.5000, P_Diff: 0.0001, N_diff: 0.0001
Epoch:  0, Iter:     315, IterSkip:       0, Loss: 0.5000, P_Diff: 0.0000, N_diff: 0.0001
Epoch:  0, Iter:     316, IterSkip:       0, Loss: 0.5000, P_Diff: 0.0000, N_diff: 0.0001
Epoch:  0, Iter:     317, IterSkip:       0, Loss: 0.5000, P_Diff: 0.0001, N_diff: 0.0001
Epoch:  0, Iter:     318, IterSkip:       0, Loss: 0.5000, P_Diff: 0.0001, N_diff: 0.0001
Epoch:  0, Iter:     319, IterSkip:       0, Loss: 0.5000, P_Diff: 0.0000, N_diff: 0.0000
Epoch:  0, Iter:     320, IterSkip:       0, Loss: 0.5000, P_Diff: 0.0000, N_diff: 0.0001
Epoch:  0, Iter:     321, IterSkip:       0, Loss: 0.5000, P_Diff: 0.0001, N_diff: 0.0000
Epoch:  0, Iter:     322, IterSkip:       0, Loss: 0.5000, P_Diff: 0.0000, N_diff: 0.0000
Epoch:  0, Iter:     323, IterSkip:       0, Loss: 0.5000, P_Diff: 0.0001, N_diff: 0.0001
Epoch:  0, Iter:     324, IterSkip:       0, Loss: 0.5000, P_Diff: 0.0001, N_diff: 0.0000
Epoch:  0, Iter:     325, IterSkip:       0, Loss: 0.5000, P_Diff: 0.0000, N_diff: 0.0000
Epoch:  0, Iter:     326, IterSkip:       0, Loss: 0.5000, P_Diff: 0.0000, N_diff: 0.0000
Epoch:  0, Iter:     327, IterSkip:       0, Loss: 0.5000, P_Diff: 0.0000, N_diff: 0.0000
Epoch:  0, Iter:     328, IterSkip:       0, Loss: 0.5000, P_Diff: 0.0000, N_diff: 0.0001
Epoch:  0, Iter:     329, IterSkip:       0, Loss: 0.5000, P_Diff: 0.0001, N_diff: 0.0001
Epoch:  0, Iter:     330, IterSkip:       0, Loss: 0.5000, P_Diff: 0.0001, N_diff: 0.0001
Epoch:  0, Iter:     331, IterSkip:       0, Loss: 0.5000, P_Diff: 0.0000, N_diff: 0.0001
Epoch:  0, Iter:     332, IterSkip:       0, Loss: 0.5000, P_Diff: 0.0000, N_diff: 0.0001
Epoch:  0, Iter:     333, IterSkip:       0, Loss: 0.5000, P_Diff: 0.0000, N_diff: 0.0001
Epoch:  0, Iter:     334, IterSkip:       0, Loss: 0.5000, P_Diff: 0.0000, N_diff: 0.0000
Epoch:  0, Iter:     335, IterSkip:       0, Loss: 0.5000, P_Diff: 0.0000, N_diff: 0.0000
Epoch:  0, Iter:     336, IterSkip:       0, Loss: 0.5000, P_Diff: 0.0000, N_diff: 0.0000
Epoch:  0, Iter:     337, IterSkip:       0, Loss: 0.5000, P_Diff: 0.0001, N_diff: 0.0000
Epoch:  0, Iter:     338, IterSkip:       0, Loss: 0.5000, P_Diff: 0.0000, N_diff: 0.0001
Epoch:  0, Iter:     339, IterSkip:       0, Loss: 0.5000, P_Diff: 0.0001, N_diff: 0.0000
Epoch:  0, Iter:     340, IterSkip:       0, Loss: 0.5000, P_Diff: 0.0001, N_diff: 0.0000
Epoch:  0, Iter:     341, IterSkip:       0, Loss: 0.5000, P_Diff: 0.0000, N_diff: 0.0000
Epoch:  0, Iter:     342, IterSkip:       0, Loss: 0.5000, P_Diff: 0.0000, N_diff: 0.0000
Epoch:  0, Iter:     343, IterSkip:       0, Loss: 0.5000, P_Diff: 0.0000, N_diff: 0.0000
Epoch:  0, Iter:     344, IterSkip:       0, Loss: 0.5000, P_Diff: 0.0002, N_diff: 0.0002
Epoch:  0, Iter:     345, IterSkip:       0, Loss: 0.5000, P_Diff: 0.0000, N_diff: 0.0000
Epoch:  0, Iter:     346, IterSkip:       0, Loss: 0.5000, P_Diff: 0.0000, N_diff: 0.0000
Epoch:  0, Iter:     347, IterSkip:       0, Loss: 0.5000, P_Diff: 0.0000, N_diff: 0.0000
Epoch:  0, Iter:     348, IterSkip:       0, Loss: 0.5000, P_Diff: 0.0001, N_diff: 0.0000
Epoch:  0, Iter:     349, IterSkip:       0, Loss: 0.5000, P_Diff: 0.0000, N_diff: 0.0000
Epoch:  0, Iter:     350, IterSkip:       0, Loss: 0.5000, P_Diff: 0.0000, N_diff: 0.0001
Epoch:  0, Iter:     351, IterSkip:       0, Loss: 0.5000, P_Diff: 0.0000, N_diff: 0.0001
Epoch:  0, Iter:     352, IterSkip:       0, Loss: 0.5000, P_Diff: 0.0000, N_diff: 0.0001
Epoch:  0, Iter:     353, IterSkip:       0, Loss: 0.5000, P_Diff: 0.0000, N_diff: 0.0000
Epoch:  0, Iter:     354, IterSkip:       0, Loss: 0.5000, P_Diff: 0.0000, N_diff: 0.0000
Epoch:  0, Iter:     355, IterSkip:       0, Loss: 0.5000, P_Diff: 0.0000, N_diff: 0.0001
Epoch:  0, Iter:     356, IterSkip:       0, Loss: 0.5000, P_Diff: 0.0001, N_diff: 0.0000
Epoch:  0, Iter:     357, IterSkip:       0, Loss: 0.5000, P_Diff: 0.0001, N_diff: 0.0001
Epoch:  0, Iter:     358, IterSkip:       0, Loss: 0.5000, P_Diff: 0.0000, N_diff: 0.0001
Epoch:  0, Iter:     359, IterSkip:       0, Loss: 0.5000, P_Diff: 0.0000, N_diff: 0.0000
Epoch:  0, Iter:     360, IterSkip:       0, Loss: 0.5000, P_Diff: 0.0001, N_diff: 0.0000
Epoch:  0, Iter:     361, IterSkip:       0, Loss: 0.5000, P_Diff: 0.0001, N_diff: 0.0000
Epoch:  0, Iter:     362, IterSkip:       0, Loss: 0.5000, P_Diff: 0.0001, N_diff: 0.0001
Epoch:  0, Iter:     363, IterSkip:       0, Loss: 0.5000, P_Diff: 0.0001, N_diff: 0.0001
Epoch:  0, Iter:     364, IterSkip:       0, Loss: 0.5000, P_Diff: 0.0000, N_diff: 0.0000
Epoch:  0, Iter:     365, IterSkip:       0, Loss: 0.5000, P_Diff: 0.0001, N_diff: 0.0000
Epoch:  0, Iter:     366, IterSkip:       0, Loss: 0.5000, P_Diff: 0.0000, N_diff: 0.0000
Epoch:  0, Iter:     367, IterSkip:       0, Loss: 0.5000, P_Diff: 0.0001, N_diff: 0.0001
Epoch:  0, Iter:     368, IterSkip:       0, Loss: 0.5000, P_Diff: 0.0001, N_diff: 0.0001
Epoch:  0, Iter:     369, IterSkip:       0, Loss: 0.5000, P_Diff: 0.0000, N_diff: 0.0000
Epoch:  0, Iter:     370, IterSkip:       0, Loss: 0.5000, P_Diff: 0.0001, N_diff: 0.0000
Epoch:  0, Iter:     371, IterSkip:       0, Loss: 0.5000, P_Diff: 0.0001, N_diff: 0.0001
Epoch:  0, Iter:     372, IterSkip:       0, Loss: 0.5000, P_Diff: 0.0001, N_diff: 0.0000
Epoch:  0, Iter:     373, IterSkip:       0, Loss: 0.5000, P_Diff: 0.0000, N_diff: 0.0000
Epoch:  0, Iter:     374, IterSkip:       0, Loss: 0.5000, P_Diff: 0.0000, N_diff: 0.0000
Epoch:  0, Iter:     375, IterSkip:       0, Loss: 0.5000, P_Diff: 0.0000, N_diff: 0.0000
Epoch:  0, Iter:     376, IterSkip:       0, Loss: 0.5000, P_Diff: 0.0001, N_diff: 0.0000
Epoch:  0, Iter:     377, IterSkip:       0, Loss: 0.5000, P_Diff: 0.0000, N_diff: 0.0000
Epoch:  0, Iter:     378, IterSkip:       0, Loss: 0.5000, P_Diff: 0.0000, N_diff: 0.0000
Epoch:  0, Iter:     379, IterSkip:       0, Loss: 0.5000, P_Diff: 0.0001, N_diff: 0.0001
Epoch:  0, Iter:     380, IterSkip:       0, Loss: 0.5000, P_Diff: 0.0000, N_diff: 0.0000
Epoch:  0, Iter:     381, IterSkip:       0, Loss: 0.5000, P_Diff: 0.0001, N_diff: 0.0001
Epoch:  0, Iter:     382, IterSkip:       0, Loss: 0.5000, P_Diff: 0.0000, N_diff: 0.0000
Epoch:  0, Iter:     383, IterSkip:       0, Loss: 0.5000, P_Diff: 0.0001, N_diff: 0.0000
Epoch:  0, Iter:     384, IterSkip:       0, Loss: 0.5000, P_Diff: 0.0000, N_diff: 0.0001
Epoch:  0, Iter:     385, IterSkip:       0, Loss: 0.5000, P_Diff: 0.0000, N_diff: 0.0000
Epoch:  0, Iter:     386, IterSkip:       0, Loss: 0.5000, P_Diff: 0.0000, N_diff: 0.0001
Epoch:  0, Iter:     387, IterSkip:       0, Loss: 0.5000, P_Diff: 0.0000, N_diff: 0.0000
Epoch:  0, Iter:     388, IterSkip:       0, Loss: 0.5000, P_Diff: 0.0000, N_diff: 0.0001
Epoch:  0, Iter:     389, IterSkip:       0, Loss: 0.5000, P_Diff: 0.0000, N_diff: 0.0001
Epoch:  0, Iter:     390, IterSkip:       0, Loss: 0.5000, P_Diff: 0.0001, N_diff: 0.0001
Epoch:  0, Iter:     391, IterSkip:       0, Loss: 0.5000, P_Diff: 0.0000, N_diff: 0.0000
Epoch:  0, Iter:     392, IterSkip:       0, Loss: 0.5000, P_Diff: 0.0000, N_diff: 0.0000
Epoch:  0, Iter:     393, IterSkip:       0, Loss: 0.5000, P_Diff: 0.0000, N_diff: 0.0001
Epoch:  0, Iter:     394, IterSkip:       0, Loss: 0.5000, P_Diff: 0.0000, N_diff: 0.0000
Epoch:  0, Iter:     395, IterSkip:       0, Loss: 0.5000, P_Diff: 0.0000, N_diff: 0.0000
Epoch:  0, Iter:     396, IterSkip:       0, Loss: 0.5000, P_Diff: 0.0000, N_diff: 0.0000
Epoch:  0, Iter:     397, IterSkip:       0, Loss: 0.5000, P_Diff: 0.0000, N_diff: 0.0000
Epoch:  0, Iter:     398, IterSkip:       0, Loss: 0.5000, P_Diff: 0.0001, N_diff: 0.0001
Epoch:  0, Iter:     399, IterSkip:       0, Loss: 0.5000, P_Diff: 0.0000, N_diff: 0.0000
Epoch:  0, Iter:     400, IterSkip:       0, Loss: 0.5000, P_Diff: 0.0000, N_diff: 0.0000
Epoch:  0, Iter:     401, IterSkip:       0, Loss: 0.5000, P_Diff: 0.0000, N_diff: 0.0001
Epoch:  0, Iter:     402, IterSkip:       0, Loss: 0.5000, P_Diff: 0.0000, N_diff: 0.0000
Epoch:  0, Iter:     403, IterSkip:       0, Loss: 0.5000, P_Diff: 0.0000, N_diff: 0.0000
Epoch:  0, Iter:     404, IterSkip:       0, Loss: 0.5000, P_Diff: 0.0000, N_diff: 0.0000
Epoch:  0, Iter:     405, IterSkip:       0, Loss: 0.5000, P_Diff: 0.0000, N_diff: 0.0000
Epoch:  0, Iter:     406, IterSkip:       0, Loss: 0.5000, P_Diff: 0.0000, N_diff: 0.0000
Epoch:  0, Iter:     407, IterSkip:       0, Loss: 0.5000, P_Diff: 0.0000, N_diff: 0.0000
Epoch:  0, Iter:     408, IterSkip:       0, Loss: 0.5000, P_Diff: 0.0000, N_diff: 0.0000
Epoch:  0, Iter:     409, IterSkip:       0, Loss: 0.5000, P_Diff: 0.0000, N_diff: 0.0001
Epoch:  0, Iter:     410, IterSkip:       0, Loss: 0.5000, P_Diff: 0.0000, N_diff: 0.0001
Epoch:  0, Iter:     411, IterSkip:       0, Loss: 0.5000, P_Diff: 0.0000, N_diff: 0.0000
Epoch:  0, Iter:     412, IterSkip:       0, Loss: 0.5000, P_Diff: 0.0000, N_diff: 0.0000
Epoch:  0, Iter:     413, IterSkip:       0, Loss: 0.5000, P_Diff: 0.0000, N_diff: 0.0000
Epoch:  0, Iter:     414, IterSkip:       0, Loss: 0.5000, P_Diff: 0.0000, N_diff: 0.0000
Epoch:  0, Iter:     415, IterSkip:       0, Loss: 0.5000, P_Diff: 0.0000, N_diff: 0.0000
Epoch:  0, Iter:     416, IterSkip:       0, Loss: 0.5000, P_Diff: 0.0000, N_diff: 0.0000
Epoch:  0, Iter:     417, IterSkip:       0, Loss: 0.5000, P_Diff: 0.0000, N_diff: 0.0000
Epoch:  0, Iter:     418, IterSkip:       0, Loss: 0.5000, P_Diff: 0.0000, N_diff: 0.0000
Epoch:  0, Iter:     419, IterSkip:       0, Loss: 0.5000, P_Diff: 0.0000, N_diff: 0.0001
Epoch:  0, Iter:     420, IterSkip:       0, Loss: 0.5000, P_Diff: 0.0000, N_diff: 0.0000
Epoch:  0, Iter:     421, IterSkip:       0, Loss: 0.5000, P_Diff: 0.0000, N_diff: 0.0000
Epoch:  0, Iter:     422, IterSkip:       0, Loss: 0.5000, P_Diff: 0.0000, N_diff: 0.0000
Epoch:  0, Iter:     423, IterSkip:       0, Loss: 0.5000, P_Diff: 0.0000, N_diff: 0.0001
Epoch:  0, Iter:     424, IterSkip:       0, Loss: 0.5000, P_Diff: 0.0000, N_diff: 0.0000
Epoch:  0, Iter:     425, IterSkip:       0, Loss: 0.5000, P_Diff: 0.0001, N_diff: 0.0000
Epoch:  0, Iter:     426, IterSkip:       0, Loss: 0.5000, P_Diff: 0.0000, N_diff: 0.0000
Epoch:  0, Iter:     427, IterSkip:       0, Loss: 0.5000, P_Diff: 0.0000, N_diff: 0.0000
Epoch:  0, Iter:     428, IterSkip:       0, Loss: 0.5000, P_Diff: 0.0000, N_diff: 0.0000
Epoch:  0, Iter:     429, IterSkip:       0, Loss: 0.5000, P_Diff: 0.0001, N_diff: 0.0000
Epoch:  0, Iter:     430, IterSkip:       0, Loss: 0.5000, P_Diff: 0.0001, N_diff: 0.0000
Epoch:  0, Iter:     431, IterSkip:       0, Loss: 0.5000, P_Diff: 0.0000, N_diff: 0.0000
Epoch:  0, Iter:     432, IterSkip:       0, Loss: 0.5000, P_Diff: 0.0000, N_diff: 0.0000
Epoch:  0, Iter:     433, IterSkip:       0, Loss: 0.5000, P_Diff: 0.0000, N_diff: 0.0000
Epoch:  0, Iter:     434, IterSkip:       0, Loss: 0.5000, P_Diff: 0.0001, N_diff: 0.0000
Epoch:  0, Iter:     435, IterSkip:       0, Loss: 0.5000, P_Diff: 0.0001, N_diff: 0.0000
Epoch:  0, Iter:     436, IterSkip:       0, Loss: 0.5000, P_Diff: 0.0000, N_diff: 0.0001
Epoch:  0, Iter:     437, IterSkip:       0, Loss: 0.5000, P_Diff: 0.0000, N_diff: 0.0000
Epoch:  0, Iter:     438, IterSkip:       0, Loss: 0.5000, P_Diff: 0.0001, N_diff: 0.0001
Epoch:  0, Iter:     439, IterSkip:       0, Loss: 0.5000, P_Diff: 0.0000, N_diff: 0.0000
Epoch:  0, Iter:     440, IterSkip:       0, Loss: 0.5000, P_Diff: 0.0001, N_diff: 0.0001
Epoch:  0, Iter:     441, IterSkip:       0, Loss: 0.5000, P_Diff: 0.0001, N_diff: 0.0000
Epoch:  0, Iter:     442, IterSkip:       0, Loss: 0.5000, P_Diff: 0.0001, N_diff: 0.0001
Epoch:  0, Iter:     443, IterSkip:       0, Loss: 0.5000, P_Diff: 0.0000, N_diff: 0.0001
Epoch:  0, Iter:     444, IterSkip:       0, Loss: 0.5000, P_Diff: 0.0000, N_diff: 0.0000
Epoch:  0, Iter:     445, IterSkip:       0, Loss: 0.5000, P_Diff: 0.0001, N_diff: 0.0000
Epoch:  0, Iter:     446, IterSkip:       0, Loss: 0.5000, P_Diff: 0.0000, N_diff: 0.0000
Epoch:  0, Iter:     447, IterSkip:       0, Loss: 0.5000, P_Diff: 0.0000, N_diff: 0.0000
Epoch:  0, Iter:     448, IterSkip:       0, Loss: 0.5000, P_Diff: 0.0000, N_diff: 0.0000
Epoch:  0, Iter:     449, IterSkip:       0, Loss: 0.5000, P_Diff: 0.0000, N_diff: 0.0000
Epoch:  0, Iter:     450, IterSkip:       0, Loss: 0.5000, P_Diff: 0.0000, N_diff: 0.0000
Epoch:  0, Iter:     451, IterSkip:       0, Loss: 0.5000, P_Diff: 0.0000, N_diff: 0.0000
Epoch:  0, Iter:     452, IterSkip:       0, Loss: 0.5000, P_Diff: 0.0000, N_diff: 0.0000
Epoch:  0, Iter:     453, IterSkip:       0, Loss: 0.5000, P_Diff: 0.0000, N_diff: 0.0001
Epoch:  0, Iter:     454, IterSkip:       0, Loss: 0.5000, P_Diff: 0.0000, N_diff: 0.0001
Epoch:  0, Iter:     455, IterSkip:       0, Loss: 0.5000, P_Diff: 0.0000, N_diff: 0.0000
Epoch:  0, Iter:     456, IterSkip:       0, Loss: 0.5000, P_Diff: 0.0000, N_diff: 0.0000
Epoch:  0, Iter:     457, IterSkip:       0, Loss: 0.5000, P_Diff: 0.0001, N_diff: 0.0000
Epoch:  0, Iter:     458, IterSkip:       0, Loss: 0.5000, P_Diff: 0.0000, N_diff: 0.0001
Epoch:  0, Iter:     459, IterSkip:       0, Loss: 0.5000, P_Diff: 0.0000, N_diff: 0.0000
Epoch:  0, Iter:     460, IterSkip:       0, Loss: 0.5000, P_Diff: 0.0000, N_diff: 0.0000
Epoch:  0, Iter:     461, IterSkip:       0, Loss: 0.5000, P_Diff: 0.0000, N_diff: 0.0000
Epoch:  0, Iter:     462, IterSkip:       0, Loss: 0.5000, P_Diff: 0.0000, N_diff: 0.0000
Epoch:  0, Iter:     463, IterSkip:       0, Loss: 0.5000, P_Diff: 0.0000, N_diff: 0.0001
Epoch:  0, Iter:     464, IterSkip:       0, Loss: 0.5000, P_Diff: 0.0000, N_diff: 0.0000
Epoch:  0, Iter:     465, IterSkip:       0, Loss: 0.5000, P_Diff: 0.0000, N_diff: 0.0000
Epoch:  0, Iter:     466, IterSkip:       0, Loss: 0.5000, P_Diff: 0.0000, N_diff: 0.0000
Epoch:  0, Iter:     467, IterSkip:       0, Loss: 0.5000, P_Diff: 0.0000, N_diff: 0.0000
Epoch:  0, Iter:     468, IterSkip:       0, Loss: 0.5000, P_Diff: 0.0000, N_diff: 0.0001
Epoch:  0, Iter:     469, IterSkip:       0, Loss: 0.5000, P_Diff: 0.0000, N_diff: 0.0000
Epoch:  0, Iter:     470, IterSkip:       0, Loss: 0.5000, P_Diff: 0.0000, N_diff: 0.0000
Epoch:  0, Iter:     471, IterSkip:       0, Loss: 0.5000, P_Diff: 0.0001, N_diff: 0.0000
Epoch:  0, Iter:     472, IterSkip:       0, Loss: 0.5000, P_Diff: 0.0001, N_diff: 0.0000
Epoch:  0, Iter:     473, IterSkip:       0, Loss: 0.5000, P_Diff: 0.0000, N_diff: 0.0001
Epoch:  0, Iter:     474, IterSkip:       0, Loss: 0.5000, P_Diff: 0.0000, N_diff: 0.0001
Epoch:  0, Iter:     475, IterSkip:       0, Loss: 0.5000, P_Diff: 0.0001, N_diff: 0.0001
Epoch:  0, Iter:     476, IterSkip:       0, Loss: 0.5000, P_Diff: 0.0000, N_diff: 0.0000
Epoch:  0, Iter:     477, IterSkip:       0, Loss: 0.5000, P_Diff: 0.0001, N_diff: 0.0001
Epoch:  0, Iter:     478, IterSkip:       0, Loss: 0.5000, P_Diff: 0.0001, N_diff: 0.0000
Epoch:  0, Iter:     479, IterSkip:       0, Loss: 0.5000, P_Diff: 0.0000, N_diff: 0.0000
Epoch:  0, Iter:     480, IterSkip:       0, Loss: 0.5000, P_Diff: 0.0000, N_diff: 0.0000
Epoch:  0, Iter:     481, IterSkip:       0, Loss: 0.5000, P_Diff: 0.0000, N_diff: 0.0000
Epoch:  0, Iter:     482, IterSkip:       0, Loss: 0.5000, P_Diff: 0.0000, N_diff: 0.0000
Epoch:  0, Iter:     483, IterSkip:       0, Loss: 0.5000, P_Diff: 0.0001, N_diff: 0.0001
Epoch:  0, Iter:     484, IterSkip:       0, Loss: 0.5000, P_Diff: 0.0000, N_diff: 0.0000
Epoch:  0, Iter:     485, IterSkip:       0, Loss: 0.5000, P_Diff: 0.0000, N_diff: 0.0000
Epoch:  0, Iter:     486, IterSkip:       0, Loss: 0.5000, P_Diff: 0.0000, N_diff: 0.0000
Epoch:  0, Iter:     487, IterSkip:       0, Loss: 0.5000, P_Diff: 0.0000, N_diff: 0.0000
Epoch:  0, Iter:     488, IterSkip:       0, Loss: 0.5000, P_Diff: 0.0000, N_diff: 0.0000
Epoch:  0, Iter:     489, IterSkip:       0, Loss: 0.5000, P_Diff: 0.0000, N_diff: 0.0000
Epoch:  0, Iter:     490, IterSkip:       0, Loss: 0.5000, P_Diff: 0.0000, N_diff: 0.0000
Epoch:  0, Iter:     491, IterSkip:       0, Loss: 0.5000, P_Diff: 0.0000, N_diff: 0.0001
Epoch:  0, Iter:     492, IterSkip:       0, Loss: 0.5000, P_Diff: 0.0000, N_diff: 0.0000
Epoch:  0, Iter:     493, IterSkip:       0, Loss: 0.5000, P_Diff: 0.0000, N_diff: 0.0000
Epoch:  0, Iter:     494, IterSkip:       0, Loss: 0.5000, P_Diff: 0.0000, N_diff: 0.0000
Epoch:  0, Iter:     495, IterSkip:       0, Loss: 0.5000, P_Diff: 0.0000, N_diff: 0.0000
Epoch:  0, Iter:     496, IterSkip:       0, Loss: 0.5000, P_Diff: 0.0001, N_diff: 0.0000
Epoch:  0, Iter:     497, IterSkip:       0, Loss: 0.5000, P_Diff: 0.0000, N_diff: 0.0000
Epoch:  0, Iter:     498, IterSkip:       0, Loss: 0.5000, P_Diff: 0.0000, N_diff: 0.0000
Epoch:  0, Iter:     499, IterSkip:       0, Loss: 0.5000, P_Diff: 0.0000, N_diff: 0.0001
Epoch:  0, Iter:     500, IterSkip:       0, Loss: 0.5000, P_Diff: 0.0000, N_diff: 0.0000
Epoch:  0, Iter:     501, IterSkip:       0, Loss: 0.5000, P_Diff: 0.0000, N_diff: 0.0000
Epoch:  0, Iter:     502, IterSkip:       0, Loss: 0.5000, P_Diff: 0.0000, N_diff: 0.0001
Epoch:  0, Iter:     503, IterSkip:       0, Loss: 0.5000, P_Diff: 0.0000, N_diff: 0.0000
Epoch:  0, Iter:     504, IterSkip:       0, Loss: 0.5000, P_Diff: 0.0000, N_diff: 0.0000
Epoch:  0, Iter:     505, IterSkip:       0, Loss: 0.5000, P_Diff: 0.0000, N_diff: 0.0000
Epoch:  0, Iter:     506, IterSkip:       0, Loss: 0.5000, P_Diff: 0.0001, N_diff: 0.0001
Epoch:  0, Iter:     507, IterSkip:       0, Loss: 0.5000, P_Diff: 0.0001, N_diff: 0.0001
Epoch:  0, Iter:     508, IterSkip:       0, Loss: 0.5000, P_Diff: 0.0001, N_diff: 0.0001
Epoch:  0, Iter:     509, IterSkip:       0, Loss: 0.5000, P_Diff: 0.0000, N_diff: 0.0000
Epoch:  0, Iter:     510, IterSkip:       0, Loss: 0.5000, P_Diff: 0.0000, N_diff: 0.0000
Epoch:  0, Iter:     511, IterSkip:       0, Loss: 0.5000, P_Diff: 0.0001, N_diff: 0.0000
Epoch:  0, Iter:     512, IterSkip:       0, Loss: 0.5000, P_Diff: 0.0001, N_diff: 0.0001
Epoch:  0, Iter:     513, IterSkip:       0, Loss: 0.5000, P_Diff: 0.0000, N_diff: 0.0001
Epoch:  0, Iter:     514, IterSkip:       0, Loss: 0.5000, P_Diff: 0.0000, N_diff: 0.0001
Epoch:  0, Iter:     515, IterSkip:       0, Loss: 0.5000, P_Diff: 0.0001, N_diff: 0.0000
Epoch:  0, Iter:     516, IterSkip:       0, Loss: 0.5000, P_Diff: 0.0000, N_diff: 0.0000
Epoch:  0, Iter:     517, IterSkip:       0, Loss: 0.5000, P_Diff: 0.0000, N_diff: 0.0000
Epoch:  0, Iter:     518, IterSkip:       0, Loss: 0.5000, P_Diff: 0.0001, N_diff: 0.0001
Epoch:  0, Iter:     519, IterSkip:       0, Loss: 0.5000, P_Diff: 0.0000, N_diff: 0.0000
Epoch:  0, Iter:     520, IterSkip:       0, Loss: 0.5000, P_Diff: 0.0000, N_diff: 0.0000
Epoch:  0, Iter:     521, IterSkip:       0, Loss: 0.5000, P_Diff: 0.0000, N_diff: 0.0000
Epoch:  0, Iter:     522, IterSkip:       0, Loss: 0.5000, P_Diff: 0.0001, N_diff: 0.0002
Epoch:  0, Iter:     523, IterSkip:       0, Loss: 0.5000, P_Diff: 0.0001, N_diff: 0.0000
Epoch:  0, Iter:     524, IterSkip:       0, Loss: 0.5000, P_Diff: 0.0000, N_diff: 0.0001
Epoch:  0, Iter:     525, IterSkip:       0, Loss: 0.5000, P_Diff: 0.0000, N_diff: 0.0000
Epoch:  0, Iter:     526, IterSkip:       0, Loss: 0.5000, P_Diff: 0.0001, N_diff: 0.0002
Epoch:  0, Iter:     527, IterSkip:       0, Loss: 0.5000, P_Diff: 0.0000, N_diff: 0.0000
Epoch:  0, Iter:     528, IterSkip:       0, Loss: 0.5000, P_Diff: 0.0000, N_diff: 0.0000
Epoch:  0, Iter:     529, IterSkip:       0, Loss: 0.5000, P_Diff: 0.0002, N_diff: 0.0002
Epoch:  0, Iter:     530, IterSkip:       0, Loss: 0.5000, P_Diff: 0.0001, N_diff: 0.0001
Epoch:  0, Iter:     531, IterSkip:       0, Loss: 0.5000, P_Diff: 0.0001, N_diff: 0.0001
Epoch:  0, Iter:     532, IterSkip:       0, Loss: 0.5000, P_Diff: 0.0000, N_diff: 0.0003
Epoch:  0, Iter:     533, IterSkip:       0, Loss: 0.5000, P_Diff: 0.0000, N_diff: 0.0001
Epoch:  0, Iter:     534, IterSkip:       0, Loss: 0.5000, P_Diff: 0.0001, N_diff: 0.0001
Epoch:  0, Iter:     535, IterSkip:       0, Loss: 0.5000, P_Diff: 0.0001, N_diff: 0.0002
Epoch:  0, Iter:     536, IterSkip:       0, Loss: 0.5000, P_Diff: 0.0001, N_diff: 0.0000
Epoch:  0, Iter:     537, IterSkip:       0, Loss: 0.5000, P_Diff: 0.0000, N_diff: 0.0001
Epoch:  0, Iter:     538, IterSkip:       0, Loss: 0.5000, P_Diff: 0.0003, N_diff: 0.0000
Epoch:  0, Iter:     539, IterSkip:       0, Loss: 0.5000, P_Diff: 0.0003, N_diff: 0.0002
Epoch:  0, Iter:     540, IterSkip:       0, Loss: 0.5000, P_Diff: 0.0000, N_diff: 0.0003
Epoch:  0, Iter:     541, IterSkip:       0, Loss: 0.5000, P_Diff: 0.0001, N_diff: 0.0001
Epoch:  0, Iter:     542, IterSkip:       0, Loss: 0.5000, P_Diff: 0.0000, N_diff: 0.0002
Epoch:  0, Iter:     543, IterSkip:       0, Loss: 0.5000, P_Diff: 0.0000, N_diff: 0.0003
Epoch:  0, Iter:     544, IterSkip:       0, Loss: 0.5000, P_Diff: 0.0002, N_diff: 0.0002
Epoch:  0, Iter:     545, IterSkip:       0, Loss: 0.5000, P_Diff: 0.0001, N_diff: 0.0001
Epoch:  0, Iter:     546, IterSkip:       0, Loss: 0.5000, P_Diff: 0.0003, N_diff: 0.0003
Epoch:  0, Iter:     547, IterSkip:       0, Loss: 0.5000, P_Diff: 0.0001, N_diff: 0.0000
Epoch:  0, Iter:     548, IterSkip:       0, Loss: 0.5000, P_Diff: 0.0001, N_diff: 0.0002
Epoch:  0, Iter:     549, IterSkip:       0, Loss: 0.5000, P_Diff: 0.0001, N_diff: 0.0001
Epoch:  0, Iter:     550, IterSkip:       0, Loss: 0.5000, P_Diff: 0.0000, N_diff: 0.0001
Epoch:  0, Iter:     551, IterSkip:       0, Loss: 0.5000, P_Diff: 0.0001, N_diff: 0.0005
Epoch:  0, Iter:     552, IterSkip:       0, Loss: 0.5000, P_Diff: 0.0004, N_diff: 0.0003
Epoch:  0, Iter:     553, IterSkip:       0, Loss: 0.5000, P_Diff: 0.0001, N_diff: 0.0000
Epoch:  0, Iter:     554, IterSkip:       0, Loss: 0.5000, P_Diff: 0.0000, N_diff: 0.0000
Epoch:  0, Iter:     555, IterSkip:       0, Loss: 0.5000, P_Diff: 0.0001, N_diff: 0.0001
Epoch:  0, Iter:     556, IterSkip:       0, Loss: 0.5000, P_Diff: 0.0002, N_diff: 0.0001
Epoch:  0, Iter:     557, IterSkip:       0, Loss: 0.5000, P_Diff: 0.0002, N_diff: 0.0001
Epoch:  0, Iter:     558, IterSkip:       0, Loss: 0.5000, P_Diff: 0.0005, N_diff: 0.0005
Epoch:  0, Iter:     559, IterSkip:       0, Loss: 0.5000, P_Diff: 0.0004, N_diff: 0.0000
Epoch:  0, Iter:     560, IterSkip:       0, Loss: 0.5000, P_Diff: 0.0004, N_diff: 0.0005
Epoch:  0, Iter:     561, IterSkip:       0, Loss: 0.5000, P_Diff: 0.0003, N_diff: 0.0000
Epoch:  0, Iter:     562, IterSkip:       0, Loss: 0.5000, P_Diff: 0.0003, N_diff: 0.0001
Epoch:  0, Iter:     563, IterSkip:       0, Loss: 0.5000, P_Diff: 0.0000, N_diff: 0.0001
Epoch:  0, Iter:     564, IterSkip:       0, Loss: 0.5000, P_Diff: 0.0000, N_diff: 0.0001
Epoch:  0, Iter:     565, IterSkip:       0, Loss: 0.5000, P_Diff: 0.0003, N_diff: 0.0003
Epoch:  0, Iter:     566, IterSkip:       0, Loss: 0.5000, P_Diff: 0.0002, N_diff: 0.0001
Epoch:  0, Iter:     567, IterSkip:       0, Loss: 0.5000, P_Diff: 0.0001, N_diff: 0.0000
Epoch:  0, Iter:     568, IterSkip:       0, Loss: 0.5000, P_Diff: 0.0002, N_diff: 0.0002
Epoch:  0, Iter:     569, IterSkip:       0, Loss: 0.5000, P_Diff: 0.0000, N_diff: 0.0000
Epoch:  0, Iter:     570, IterSkip:       0, Loss: 0.5000, P_Diff: 0.0001, N_diff: 0.0000
Epoch:  0, Iter:     571, IterSkip:       0, Loss: 0.5000, P_Diff: 0.0001, N_diff: 0.0001
Epoch:  0, Iter:     572, IterSkip:       0, Loss: 0.5000, P_Diff: 0.0000, N_diff: 0.0001
Epoch:  0, Iter:     573, IterSkip:       0, Loss: 0.5000, P_Diff: 0.0000, N_diff: 0.0001
Epoch:  0, Iter:     574, IterSkip:       0, Loss: 0.5000, P_Diff: 0.0000, N_diff: 0.0001
Epoch:  0, Iter:     575, IterSkip:       0, Loss: 0.5000, P_Diff: 0.0000, N_diff: 0.0000
Epoch:  0, Iter:     576, IterSkip:       0, Loss: 0.5000, P_Diff: 0.0000, N_diff: 0.0000
Epoch:  0, Iter:     577, IterSkip:       0, Loss: 0.5000, P_Diff: 0.0000, N_diff: 0.0001
Epoch:  0, Iter:     578, IterSkip:       0, Loss: 0.5000, P_Diff: 0.0000, N_diff: 0.0001
Epoch:  0, Iter:     579, IterSkip:       0, Loss: 0.5000, P_Diff: 0.0000, N_diff: 0.0000
Epoch:  0, Iter:     580, IterSkip:       0, Loss: 0.5000, P_Diff: 0.0000, N_diff: 0.0001
Epoch:  0, Iter:     581, IterSkip:       0, Loss: 0.5000, P_Diff: 0.0000, N_diff: 0.0000
Epoch:  0, Iter:     582, IterSkip:       0, Loss: 0.5000, P_Diff: 0.0000, N_diff: 0.0000
Epoch:  0, Iter:     583, IterSkip:       0, Loss: 0.5000, P_Diff: 0.0000, N_diff: 0.0000
Epoch:  0, Iter:     584, IterSkip:       0, Loss: 0.5000, P_Diff: 0.0001, N_diff: 0.0001
Epoch:  0, Iter:     585, IterSkip:       0, Loss: 0.5000, P_Diff: 0.0000, N_diff: 0.0002
Epoch:  0, Iter:     586, IterSkip:       0, Loss: 0.5000, P_Diff: 0.0000, N_diff: 0.0001
Epoch:  0, Iter:     587, IterSkip:       0, Loss: 0.5000, P_Diff: 0.0000, N_diff: 0.0000
Epoch:  0, Iter:     588, IterSkip:       0, Loss: 0.5000, P_Diff: 0.0000, N_diff: 0.0000
Epoch:  0, Iter:     589, IterSkip:       0, Loss: 0.5000, P_Diff: 0.0000, N_diff: 0.0001
Epoch:  0, Iter:     590, IterSkip:       0, Loss: 0.5000, P_Diff: 0.0001, N_diff: 0.0002
Epoch:  0, Iter:     591, IterSkip:       0, Loss: 0.5000, P